This is LuaTeX, Version beta-0.70.2-2012062819 (TeX Live 2012) (format=lualatex 2012.6.30)  15 SEP 2013 21:13
 restricted \write18 enabled.
**MichaelKing_CV.tex
(./MichaelKing_CV.tex
LaTeX2e <2011/06/27>
LuaTeX adaptation of babel <v3.8m-luatex-1.5> and hyphenation patterns for engl
ish, dumylang, nohyphenation, loaded.
(/usr/local/texlive/2012/texmf-dist/tex/latex/base/article.cls
Document Class: article 2007/10/19 v1.4h Standard LaTeX document class
(/usr/local/texlive/2012/texmf-dist/tex/latex/base/size12.clo
File: size12.clo 2007/10/19 v1.4h Standard LaTeX file (size option)
)
\c@part=\count79
\c@section=\count80
\c@subsection=\count81
\c@subsubsection=\count82
\c@paragraph=\count83
\c@subparagraph=\count84
\c@figure=\count85
\c@table=\count86
\abovecaptionskip=\skip41
\belowcaptionskip=\skip42
\bibindent=\dimen102
)
(/usr/local/texlive/2012/texmf-dist/tex/latex/fontspec/fontspec.sty
Package: fontspec 2012/05/06 v2.2b Advanced font selection for XeLaTeX/LuaLaTeX


(/usr/local/texlive/2012/texmf-dist/tex/latex/l3kernel/expl3.sty
(/usr/local/texlive/2012/texmf-dist/tex/latex/l3kernel/l3names.sty
(/usr/local/texlive/2012/texmf-dist/tex/latex/l3kernel/l3bootstrap.sty
Package: l3bootstrap 2011/12/29 v3110 L3 Experimental bootstrap code

(/usr/local/texlive/2012/texmf-dist/tex/generic/oberdiek/luatex.sty
Package: luatex 2010/03/09 v0.4 LuaTeX basic definition package (HO)

(/usr/local/texlive/2012/texmf-dist/tex/generic/oberdiek/infwarerr.sty
Package: infwarerr 2010/04/08 v1.3 Providing info/warning/error messages (HO)
)
(/usr/local/texlive/2012/texmf-dist/tex/generic/oberdiek/ifluatex.sty
Package: ifluatex 2010/03/01 v1.3 Provides the ifluatex switch (HO)
Package ifluatex Info: LuaTeX detected.
)
(/usr/local/texlive/2012/texmf-dist/tex/latex/etex-pkg/etex.sty
Package: etex 1998/03/26 v2.0 eTeX basic definition package (PEB)
\et@xins=\count87
)
\LuT@AllocAttribute=\count277
\LuT@AllocCatcodeTable=\count278
\CatcodeTableStack=\count279
\CatcodeTableIniTeX=\catcodetable1
\CatcodeTableString=\catcodetable3
\CatcodeTableOther=\catcodetable5
\CatcodeTableLaTeX=\catcodetable7

(/usr/local/texlive/2012/texmf-dist/tex/generic/oberdiek/luatex-loader.sty
Package: luatex-loader 2010/03/09 v0.4 Lua module loader (HO)

(/usr/local/texlive/2012/texmf-dist/scripts/oberdiek/oberdiek.luatex.lua)))
(/usr/local/texlive/2012/texmf-dist/tex/generic/oberdiek/pdftexcmds.sty
Package: pdftexcmds 2011/11/29 v0.20 Utility functions of pdfTeX for LuaTeX (HO
)

(/usr/local/texlive/2012/texmf-dist/tex/generic/oberdiek/ltxcmds.sty
Package: ltxcmds 2011/11/09 v1.22 LaTeX kernel commands for general use (HO)
)
(/usr/local/texlive/2012/texmf-dist/tex/generic/oberdiek/ifpdf.sty
Package: ifpdf 2011/01/30 v2.3 Provides the ifpdf switch (HO)
Package ifpdf Info: pdfTeX in PDF mode is detected.
)
Package pdftexcmds Info: \pdf@primitive is available.
Package pdftexcmds Info: \pdf@ifprimitive is available.
Package pdftexcmds Info: \pdfdraftmode found.
\pdftexcmds@toks=\toks14
))
Package: l3names 2012/03/04 v3494 L3 Experimental namespace for primitives
)
Package: expl3 2012/04/23 v3570 L3 Experimental code bundle wrapper

(/usr/local/texlive/2012/texmf-dist/tex/latex/graphics/color.sty
Package: color 2005/11/14 v1.0j Standard LaTeX Color (DPC)

(/usr/local/texlive/2012/texmf-dist/tex/latex/latexconfig/color.cfg
File: color.cfg 2007/01/18 v1.5 color configuration of teTeX/TeXLive
)
Package color Info: Driver file: pdftex.def on input line 130.

(/usr/local/texlive/2012/texmf-dist/tex/latex/pdftex-def/pdftex.def
File: pdftex.def 2011/05/27 v0.06d Graphics/color for pdfTeX
\Gread@gobject=\count280
))
(/usr/local/texlive/2012/texmf-dist/tex/latex/graphics/graphics.sty
Package: graphics 2009/02/05 v1.0o Standard LaTeX Graphics (DPC,SPQR)

(/usr/local/texlive/2012/texmf-dist/tex/latex/graphics/trig.sty
Package: trig 1999/03/16 v1.09 sin cos tan (DPC)
)
(/usr/local/texlive/2012/texmf-dist/tex/latex/latexconfig/graphics.cfg
File: graphics.cfg 2010/04/23 v1.9 graphics configuration of TeX Live
)
Package graphics Info: Driver file: pdftex.def on input line 91.
)
(/usr/local/texlive/2012/texmf-dist/tex/latex/l3kernel/l3basics.sty
Package: l3basics 2012/03/04 v3491 L3 Experimental basic definitions
)
(/usr/local/texlive/2012/texmf-dist/tex/latex/l3kernel/l3expan.sty
Package: l3expan 2012/02/26 v3460 L3 Experimental argument expansion
)
(/usr/local/texlive/2012/texmf-dist/tex/latex/l3kernel/l3tl.sty
Package: l3tl 2012/03/04 v3490 L3 Experimental token lists
)
(/usr/local/texlive/2012/texmf-dist/tex/latex/l3kernel/l3seq.sty
Package: l3seq 2012/03/04 v3490 L3 Experimental sequences and stacks
)
(/usr/local/texlive/2012/texmf-dist/tex/latex/l3kernel/l3int.sty
Package: l3int 2012/03/04 v3490 L3 Experimental integers
\c_max_int=\count281
\l_tmpa_int=\count282
\l_tmpb_int=\count283
\l_tmpc_int=\count284
\g_tmpa_int=\count285
\g_tmpb_int=\count286
)
(/usr/local/texlive/2012/texmf-dist/tex/latex/l3kernel/l3quark.sty
Package: l3quark 2012/02/12 v3384 L3 Experimental quarks
)
(/usr/local/texlive/2012/texmf-dist/tex/latex/l3kernel/l3prg.sty
Package: l3prg 2012/03/04 v3490 L3 Experimental control structures
\g_prg_map_int=\count287
)
(/usr/local/texlive/2012/texmf-dist/tex/latex/l3kernel/l3clist.sty
Package: l3clist 2012/03/04 v3490 L3 Experimental comma separated lists
)
(/usr/local/texlive/2012/texmf-dist/tex/latex/l3kernel/l3token.sty
Package: l3token 2012/03/04 v3491 L3 Experimental token manipulation
)
(/usr/local/texlive/2012/texmf-dist/tex/latex/l3kernel/l3prop.sty
Package: l3prop 2012/03/04 v3490 L3 Experimental property lists
)
(/usr/local/texlive/2012/texmf-dist/tex/latex/l3kernel/l3msg.sty
Package: l3msg 2012/04/23 v3568 L3 Experimental messages
)
(/usr/local/texlive/2012/texmf-dist/tex/latex/l3kernel/l3file.sty
Package: l3file 2012/03/09 v3520 L3 Experimental file and I/O operations
\l_iow_stream_int=\count288
\l_iow_line_length_int=\count289
\l_iow_target_length_int=\count290
\l_iow_current_line_int=\count291
\l_iow_current_word_int=\count292
\l_iow_current_indentation_int=\count293
)
(/usr/local/texlive/2012/texmf-dist/tex/latex/l3kernel/l3skip.sty
Package: l3skip 2012/03/05 v3499 L3 Experimental dimensions and skips
\l_tmpa_dim=\dimen256
\l_tmpb_dim=\dimen257
\l_tmpc_dim=\dimen258
\g_tmpa_dim=\dimen259
\g_tmpb_dim=\dimen260
\l_tmpa_skip=\skip256
\l_tmpb_skip=\skip257
\l_tmpc_skip=\skip258
\g_tmpa_skip=\skip259
\g_tmpb_skip=\skip260
)
(/usr/local/texlive/2012/texmf-dist/tex/latex/l3kernel/l3keys.sty
Package: l3keys 2012/03/03 v3487 L3 Experimental key-value interfaces
\g_keyval_level_int=\count294
\l_keys_choice_int=\count295
)
(/usr/local/texlive/2012/texmf-dist/tex/latex/l3kernel/l3fp.sty
Package: l3fp 2012/03/04 v3490 L3 Experimental floating-point operations
\c_one_hundred_million=\count296
\c_five_hundred_million=\count297
\c_one_thousand_million=\count298
\c_fp_pi_by_four_decimal_int=\count299
\c_fp_pi_by_four_extended_int=\count300
\c_fp_pi_decimal_int=\count301
\c_fp_pi_extended_int=\count302
\c_fp_two_pi_decimal_int=\count303
\c_fp_two_pi_extended_int=\count304
\l_fp_count_int=\count305
\l_fp_div_offset_int=\count306
\l_fp_exp_integer_int=\count307
\l_fp_exp_decimal_int=\count308
\l_fp_exp_extended_int=\count309
\l_fp_exp_exponent_int=\count310
\l_fp_input_a_sign_int=\count311
\l_fp_input_a_integer_int=\count312
\l_fp_input_a_decimal_int=\count313
\l_fp_input_a_exponent_int=\count314
\l_fp_input_b_sign_int=\count315
\l_fp_input_b_integer_int=\count316
\l_fp_input_b_decimal_int=\count317
\l_fp_input_b_exponent_int=\count318
\l_fp_input_a_extended_int=\count319
\l_fp_input_b_extended_int=\count320
\l_fp_mul_a_i_int=\count321
\l_fp_mul_a_ii_int=\count322
\l_fp_mul_a_iii_int=\count323
\l_fp_mul_a_iv_int=\count324
\l_fp_mul_a_v_int=\count325
\l_fp_mul_a_vi_int=\count326
\l_fp_mul_b_i_int=\count327
\l_fp_mul_b_ii_int=\count328
\l_fp_mul_b_iii_int=\count329
\l_fp_mul_b_iv_int=\count330
\l_fp_mul_b_v_int=\count331
\l_fp_mul_b_vi_int=\count332
\l_fp_mul_output_int=\count333
\l_fp_output_sign_int=\count334
\l_fp_output_integer_int=\count335
\l_fp_output_decimal_int=\count336
\l_fp_output_exponent_int=\count337
\l_fp_output_extended_int=\count338
\l_fp_round_position_int=\count339
\l_fp_round_target_int=\count340
\l_fp_split_sign_int=\count341
\l_fp_internal_int=\count342
\l_fp_trig_octant_int=\count343
\l_fp_trig_sign_int=\count344
\l_fp_trig_decimal_int=\count345
\l_fp_trig_extended_int=\count346
\l_fp_internal_dim=\dimen261
\l_fp_internal_skip=\skip261
)
(/usr/local/texlive/2012/texmf-dist/tex/latex/l3kernel/l3box.sty
Package: l3box 2012/03/04 v3490 L3 Experimental boxes
\l_tmpb_box=\box256
\l_box_top_dim=\dimen262
\l_box_bottom_dim=\dimen263
\l_box_left_dim=\dimen264
\l_box_right_dim=\dimen265
\l_box_top_new_dim=\dimen266
\l_box_bottom_new_dim=\dimen267
\l_box_left_new_dim=\dimen268
\l_box_right_new_dim=\dimen269
\l_box_internal_box=\box257
)
(/usr/local/texlive/2012/texmf-dist/tex/latex/l3kernel/l3coffins.sty
Package: l3coffins 2012/03/03 v3482 L3 Experimental coffin code layer
\l_coffin_internal_box=\box258
\l_coffin_internal_dim=\dimen270
\l_coffin_offset_x_dim=\dimen271
\l_coffin_offset_y_dim=\dimen272
\l_coffin_x_dim=\dimen273
\l_coffin_y_dim=\dimen274
\l_coffin_x_prime_dim=\dimen275
\l_coffin_y_prime_dim=\dimen276
\l_coffin_Depth_dim=\dimen277
\l_coffin_Height_dim=\dimen278
\l_coffin_TotalHeight_dim=\dimen279
\l_coffin_Width_dim=\dimen280
\c_empty_coffin=\box259
\l_coffin_aligned_coffin=\box260
\l_coffin_aligned_internal_coffin=\box261
\l_coffin_bounding_shift_dim=\dimen281
\l_coffin_left_corner_dim=\dimen282
\l_coffin_right_corner_dim=\dimen283
\l_coffin_bottom_corner_dim=\dimen284
\l_coffin_top_corner_dim=\dimen285
\l_coffin_scaled_total_height_dim=\dimen286
\l_coffin_scaled_width_dim=\dimen287
\l_coffin_display_coffin=\box262
\l_coffin_display_coord_coffin=\box263
\l_coffin_display_pole_coffin=\box264
\l_coffin_display_offset_dim=\dimen288
\l_coffin_display_x_dim=\dimen289
\l_coffin_display_y_dim=\dimen290
)
(/usr/local/texlive/2012/texmf-dist/tex/latex/l3kernel/l3color.sty
Package: l3color 2011/09/07 v2776 L3 Experimental colour support
)
(/usr/local/texlive/2012/texmf-dist/tex/latex/l3kernel/l3luatex.sty
Package: l3luatex 2012/02/09 v3355 L3 Experimental LuaTeX-specific functions
\g_cctab_allocate_int=\count347
\g_cctab_stack_int=\count348
\c_code_cctab=\catcodetable9
))
(/usr/local/texlive/2012/texmf-dist/tex/latex/l3packages/xparse/xparse.sty
Package: xparse 2012/04/23 v3570 L3 Experimental document command parser
\l_xparse_current_arg_int=\count349
\l_xparse_m_args_int=\count350
\l_xparse_mandatory_args_int=\count351
\l_xparse_processor_int=\count352
\l_xparse_v_nesting_int=\count353
)
(/usr/local/texlive/2012/texmf-dist/tex/luatex/luaotfload/luaotfload.sty
Package: luaotfload 2012/05/28 v1.27 OpenType layout system

(/usr/local/texlive/2012/texmf-dist/tex/luatex/luatexbase/luatexbase.sty
Package: luatexbase 2010/10/06 v0.3 Module utilities for LuaTeX

(/usr/local/texlive/2012/texmf-dist/tex/luatex/luatexbase/luatexbase-compat.sty
Package: luatexbase-compat 2010/10/10 v0.3 Compatibility tools for LuaTeX
)
(/usr/local/texlive/2012/texmf-dist/tex/luatex/luatexbase/luatexbase-loader.sty
Package: luatexbase-loader 2010/10/10 v0.3 Lua module loader for LuaTeX
(/usr/local/texlive/2012/texmf-dist/tex/luatex/luatexbase/luatexbase.loader.lua
))
(/usr/local/texlive/2012/texmf-dist/tex/luatex/luatexbase/luatexbase-regs.sty
Package: luatexbase-regs 2010/10/10 v0.3 Registers allocation for LuaTeX
)
(/usr/local/texlive/2012/texmf-dist/tex/luatex/luatexbase/luatexbase-attr.sty
Package: luatexbase-attr 2011/05/21 v0.31 Attributes allocation for LuaTeX

(/usr/local/texlive/2012/texmf-dist/tex/luatex/luatexbase/attr.lua))
(/usr/local/texlive/2012/texmf-dist/tex/luatex/luatexbase/luatexbase-cctb.sty
Package: luatexbase-cctb 2010/10/10 v0.3 Catcodetable allocation for LuaTeX

(/usr/local/texlive/2012/texmf-dist/tex/luatex/luatexbase/cctb.lua)
\lltxb@catcodetable@alloc=\count354
\CatcodeTableIniTeX=\luatexcatcodetable1
\CatcodeTableString=\luatexcatcodetable3
\CatcodeTableOther=\luatexcatcodetable5
\CatcodeTableLaTeX=\luatexcatcodetable7
\CatcodeTableLaTeXAtLetter=\luatexcatcodetable9
\CatcodeTableExpl=\luatexcatcodetable11
)
(/usr/local/texlive/2012/texmf-dist/tex/luatex/luatexbase/luatexbase-mcb.sty
Package: luatexbase-mcb 2010/10/10 v0.3 Callback management for LuaTeX

(/usr/local/texlive/2012/texmf-dist/tex/luatex/luatexbase/luatexbase-modutils.s
ty
Package: luatexbase-modutils 2010/10/10 v0.3 Module utilities for LuaTeX

(/usr/local/texlive/2012/texmf-dist/tex/luatex/luatexbase/modutils.lua))
(/usr/local/texlive/2012/texmf-dist/tex/luatex/luatexbase/mcb.lua)
Lua module: luatexbase-mcb 2010/05/12 0.2 register several functions in a callb
ack
))
(/usr/local/texlive/2012/texmf-dist/tex/luatex/lualibs/lualibs.lua)
Lua module: lualibs 2011/01/20 0.96 Lua additional functions.

(/usr/local/texlive/2012/texmf-dist/tex/luatex/lualibs/lualibs-string.lua)
(/usr/local/texlive/2012/texmf-dist/tex/luatex/lualibs/lualibs-lpeg.lua)
(/usr/local/texlive/2012/texmf-dist/tex/luatex/lualibs/lualibs-boolean.lua)
(/usr/local/texlive/2012/texmf-dist/tex/luatex/lualibs/lualibs-number.lua)
(/usr/local/texlive/2012/texmf-dist/tex/luatex/lualibs/lualibs-math.lua)
(/usr/local/texlive/2012/texmf-dist/tex/luatex/lualibs/lualibs-table.lua)
(/usr/local/texlive/2012/texmf-dist/tex/luatex/lualibs/lualibs-aux.lua)
(/usr/local/texlive/2012/texmf-dist/tex/luatex/lualibs/lualibs-io.lua)
(/usr/local/texlive/2012/texmf-dist/tex/luatex/lualibs/lualibs-os.lua)
(/usr/local/texlive/2012/texmf-dist/tex/luatex/lualibs/lualibs-file.lua)
(/usr/local/texlive/2012/texmf-dist/tex/luatex/lualibs/lualibs-md5.lua)
(/usr/local/texlive/2012/texmf-dist/tex/luatex/lualibs/lualibs-dir.lua)
(/usr/local/texlive/2012/texmf-dist/tex/luatex/lualibs/lualibs-unicode.lua)
(/usr/local/texlive/2012/texmf-dist/tex/luatex/lualibs/lualibs-utils.lua)
(/usr/local/texlive/2012/texmf-dist/tex/luatex/lualibs/lualibs-dimen.lua)
(/usr/local/texlive/2012/texmf-dist/tex/luatex/lualibs/lualibs-url.lua)
(/usr/local/texlive/2012/texmf-dist/tex/luatex/lualibs/lualibs-set.lua)
(/usr/local/texlive/2012/texmf-dist/tex/luatex/luaotfload/luaotfload.lua)
Lua module: luaotfload 2012/05/28 1.27 OpenType layout system.
luaotfload: loading file /usr/local/texlive/2012/texmf-dist/tex/luatex/luaotflo
ad/otfl-luat-dum.lua.(using cache: /Users/michaelking214/Library/texlive/2012/t
exmf-var/luatex-cache/generic)
luaotfload: loading file /usr/local/texlive/2012/texmf-dist/tex/luatex/luaotflo
ad/otfl-luat-ovr.lua.
luaotfload: loading file /usr/local/texlive/2012/texmf-dist/tex/luatex/luaotflo
ad/otfl-data-con.lua.
luaotfload: loading file /usr/local/texlive/2012/texmf-dist/tex/luatex/luaotflo
ad/otfl-font-ini.lua.
luaotfload: loading file /usr/local/texlive/2012/texmf-dist/tex/luatex/luaotflo
ad/otfl-node-dum.lua.
luaotfload: loading file /usr/local/texlive/2012/texmf-dist/tex/luatex/luaotflo
ad/otfl-node-inj.lua.
luaotfload: loading file /usr/local/texlive/2012/texmf-dist/tex/luatex/luaotflo
ad/otfl-font-tfm.lua.
luatexbase.attributes["otfl@state"] = 1
luaotfload: loading file /usr/local/texlive/2012/texmf-dist/tex/luatex/luaotflo
ad/otfl-font-cid.lua.
luaotfload: loading file /usr/local/texlive/2012/texmf-dist/tex/luatex/luaotflo
ad/otfl-font-ott.lua.
luaotfload: loading file /usr/local/texlive/2012/texmf-dist/tex/luatex/luaotflo
ad/otfl-font-map.lua.
luaotfload: loading file /usr/local/texlive/2012/texmf-dist/tex/luatex/luaotflo
ad/otfl-font-otf.lua.
luaotfload: loading file /usr/local/texlive/2012/texmf-dist/tex/luatex/luaotflo
ad/otfl-font-otd.lua.
luaotfload: loading file /usr/local/texlive/2012/texmf-dist/tex/luatex/luaotflo
ad/otfl-font-oti.lua.
luaotfload: loading file /usr/local/texlive/2012/texmf-dist/tex/luatex/luaotflo
ad/otfl-font-otb.lua.
luaotfload: loading file /usr/local/texlive/2012/texmf-dist/tex/luatex/luaotflo
ad/otfl-font-otn.lua.
luatexbase.attributes["otfl@markbase"] = 2
luatexbase.attributes["otfl@markmark"] = 3
luatexbase.attributes["otfl@markdone"] = 4
luatexbase.attributes["otfl@cursbase"] = 5
luatexbase.attributes["otfl@curscurs"] = 6
luatexbase.attributes["otfl@cursdone"] = 7
luatexbase.attributes["otfl@kernpair"] = 8
luaotfload: loading file /usr/local/texlive/2012/texmf-dist/tex/luatex/luaotflo
ad/otfl-font-ota.lua.
luaotfload: loading file /usr/local/texlive/2012/texmf-dist/tex/luatex/luaotflo
ad/otfl-font-otc.lua.
luaotfload: loading file /usr/local/texlive/2012/texmf-dist/tex/luatex/luaotflo
ad/otfl-font-def.lua.
luaotfload: loading file /usr/local/texlive/2012/texmf-dist/tex/luatex/luaotflo
ad/otfl-font-xtx.lua.
luaotfload: loading file /usr/local/texlive/2012/texmf-dist/tex/luatex/luaotflo
ad/otfl-font-dum.lua.
luaotfload: loading file /usr/local/texlive/2012/texmf-dist/tex/luatex/luaotflo
ad/otfl-font-nms.lua.
luaotfload: loading file /usr/local/texlive/2012/texmf-dist/tex/luatex/luaotflo
ad/otfl-font-clr.lua.
Module luatexbase-mcb info: creating 'luaotfload.patch_font' type 4
Module luatexbase-mcb info: inserting 'luaotfload.pre_linebreak_filter'
(luatexbase-mcb)            at position 1 in 'pre_linebreak_filter'
Module luatexbase-mcb info: inserting 'luaotfload.hpack_filter'
(luatexbase-mcb)            at position 1 in 'hpack_filter'
Module luatexbase-mcb info: resetting callback 'define_font'
Module luatexbase-mcb info: inserting 'luaotfload.define_font'
(luatexbase-mcb)            at position 1 in 'define_font'
Module luatexbase-mcb info: inserting 'luaotfload.find_vf_file'
(luatexbase-mcb)            at position 1 in 'find_vf_file'
Module luatexbase-mcb info: inserting 'unicodemath.set_sscale_diments'
(luatexbase-mcb)            at position 1 in 'luaotfload.patch_font'
)
(/usr/local/texlive/2012/texmf-dist/tex/latex/fontspec/fontspec.lua)
Lua module: fontspec 2009/12/04 2 Advanced font selection for LuaLaTeX.

Module luatexbase-mcb info: inserting 'fontspec.set_capheight'
(luatexbase-mcb)            at position 2 in 'luaotfload.patch_font'
\l_fontspec_script_int=\count355
\l_fontspec_language_int=\count356
\l_fontspec_strnum_int=\count357
\l_fontspec_tmpa_dim=\dimen291
\l_fontspec_tmpb_dim=\dimen292
\l_fontspec_tmpc_dim=\dimen293
Variant \tl_gset:cV already defined; not changing it on line 66
(/usr/local/texlive/2012/texmf-dist/tex/latex/fontspec/fontspec-patches.sty
Package: fontspec-patches 2012/05/06 v2.2b Advanced font selection for XeLaTeX/
LuaLaTeX

(/usr/local/texlive/2012/texmf-dist/tex/latex/base/fixltx2e.sty
Package: fixltx2e 2006/09/13 v1.1m fixes to LaTeX
LaTeX Info: Redefining \em on input line 420.
)
LaTeX Info: Redefining \em on input line 22.
LaTeX Info: Redefining \emph on input line 29.
LaTeX Info: Redefining \- on input line 32.

*************************************************
* LaTeX warning: "xparse/redefine-command"
* 
* Redefining document command \oldstylenums with arg. spec. 'm' on line 107.
*************************************************
.................................................
. LaTeX info: "xparse/define-command"
. 
. Defining document command \liningnums with arg. spec. 'm' on line 111.
.................................................
) (/usr/local/texlive/2012/texmf-dist/tex/latex/fontspec/fontspec-luatex.sty
Package: fontspec-luatex 2012/05/06 v2.2b Advanced font selection for XeLaTeX/L
uaLaTeX

(/usr/local/texlive/2012/texmf-dist/tex/latex/base/fontenc.sty
Package: fontenc 2005/09/27 v1.99g Standard LaTeX package

(/usr/local/texlive/2012/texmf-dist/tex/latex/euenc/eu2enc.def
File: eu2enc.def 2010/05/27 v0.1h Experimental Unicode font encodings
)
LaTeX Font Info:    Try loading font information for EU2+lmr on input line 100.


(/usr/local/texlive/2012/texmf-dist/tex/latex/euenc/eu2lmr.fd
File: eu2lmr.fd 2009/10/30 v1.6 Font defs for Latin Modern
)
luaotfload | load font: auto-selecting default features for script: dflt (was l
atn)(load: /Users/michaelking214/Library/texlive/2012/texmf-var/luatex-cache/ge
neric/fonts/otf/temp-lmroman10-regular.lua))
(/usr/local/texlive/2012/texmf-dist/tex/xelatex/xunicode/xunicode.sty
File: xunicode.sty 2011/09/09 v0.981 provides access to latin accents and many 
other characters in Unicode lower plane

(/usr/local/texlive/2012/texmf-dist/tex/latex/tipa/t3enc.def
File: t3enc.def 2001/12/31 T3 encoding
luaotfload | load font: auto-selecting default features for script: dflt (was l
atn)(load: /Users/michaelking214/Library/texlive/2012/texmf-var/luatex-cache/ge
neric/fonts/otf/temp-lmromanslant10-regular.lua)
luaotfload | load font: auto-selecting default features for script: dflt (was l
atn)(load: /Users/michaelking214/Library/texlive/2012/texmf-var/luatex-cache/ge
neric/fonts/otf/temp-lmroman10-italic.lua)
luaotfload | load font: auto-selecting default features for script: dflt (was l
atn)(load: /Users/michaelking214/Library/texlive/2012/texmf-var/luatex-cache/ge
neric/fonts/otf/temp-lmroman10-bold.lua)
LaTeX Font Info:    Try loading font information for EU2+lmss on input line 357
.

(/usr/local/texlive/2012/texmf-dist/tex/latex/euenc/eu2lmss.fd
File: eu2lmss.fd 2009/10/30 v1.6 Font defs for Latin Modern
)
luaotfload | load font: auto-selecting default features for script: dflt (was l
atn)(load: /Users/michaelking214/Library/texlive/2012/texmf-var/luatex-cache/ge
neric/fonts/otf/temp-lmsans10-regular.lua))
\tipaTiiicode=\count358
\tipasavetokens=\toks15
\tipachecktokens=\toks16

(/usr/local/texlive/2012/texmf-dist/tex/latex/graphics/graphicx.sty
Package: graphicx 1999/02/16 v1.0f Enhanced LaTeX Graphics (DPC,SPQR)

(/usr/local/texlive/2012/texmf-dist/tex/latex/graphics/keyval.sty
Package: keyval 1999/03/16 v1.13 key=value parser (DPC)
\KV@toks@=\toks17
)
\Gin@req@height=\dimen294
\Gin@req@width=\dimen295
))
.................................................
. LaTeX info: "xparse/define-command"
. 
. Defining document command \fontspec with arg. spec. 'O{}m' on line 42.
.................................................
.................................................
. LaTeX info: "xparse/define-command"
. 
. Defining document command \setmainfont with arg. spec. 'O{}m' on line 46.
.................................................
.................................................
. LaTeX info: "xparse/define-command"
. 
. Defining document command \setsansfont with arg. spec. 'O{}m' on line 50.
.................................................
.................................................
. LaTeX info: "xparse/define-command"
. 
. Defining document command \setmonofont with arg. spec. 'O{}m' on line 54.
.................................................
.................................................
. LaTeX info: "xparse/define-command"
. 
. Defining document command \setmathrm with arg. spec. 'O{}m' on line 62.
.................................................
.................................................
. LaTeX info: "xparse/define-command"
. 
. Defining document command \setboldmathrm with arg. spec. 'O{}m' on line 65.
.................................................
.................................................
. LaTeX info: "xparse/define-command"
. 
. Defining document command \setmathsf with arg. spec. 'O{}m' on line 68.
.................................................
.................................................
. LaTeX info: "xparse/define-command"
. 
. Defining document command \setmathtt with arg. spec. 'O{}m' on line 71.
.................................................
.................................................
. LaTeX info: "xparse/define-command"
. 
. Defining document command \newfontfamily with arg. spec. 'mO{}m' on line 87.
.................................................
.................................................
. LaTeX info: "xparse/define-command"
. 
. Defining document command \newfontface with arg. spec. 'mO{}m' on line 90.
.................................................
.................................................
. LaTeX info: "xparse/define-command"
. 
. Defining document command \defaultfontfeatures with arg. spec. 'm' on line
. 94.
.................................................
.................................................
. LaTeX info: "xparse/define-command"
. 
. Defining document command \addfontfeatures with arg. spec. 'm' on line 110.
.................................................
.................................................
. LaTeX info: "xparse/define-command"
. 
. Defining document command \newfontfeature with arg. spec. 'mm' on line 121.
.................................................
.................................................
. LaTeX info: "xparse/define-command"
. 
. Defining document command \newAATfeature with arg. spec. 'mmmm' on line 128.
.................................................
.................................................
. LaTeX info: "xparse/define-command"
. 
. Defining document command \newICUfeature with arg. spec. 'mmm' on line 135.
.................................................
.................................................
. LaTeX info: "xparse/define-command"
. 
. Defining document command \aliasfontfeature with arg. spec. 'mm' on line
. 162.
.................................................
.................................................
. LaTeX info: "xparse/define-command"
. 
. Defining document command \aliasfontfeatureoption with arg. spec. 'mmm' on
. line 167.
.................................................
.................................................
. LaTeX info: "xparse/define-command"
. 
. Defining document command \newfontscript with arg. spec. 'mm' on line 172.
.................................................
.................................................
. LaTeX info: "xparse/define-command"
. 
. Defining document command \newfontlanguage with arg. spec. 'mm' on line 195.
.................................................
.................................................
. LaTeX info: "xparse/define-command"
. 
. Defining document command \DeclareFontsExtensions with arg. spec. 'm' on
. line 214.
.................................................
Variant \prop_gput:cnV already defined; not changing it on line 489
Variant \prop_gput:cnx already defined; not changing it on line 490
\l_fontspec_tmp_int=\count359
LaTeX Info: Redefining \itshape on input line 1819.
LaTeX Info: Redefining \slshape on input line 1823.
LaTeX Info: Redefining \scshape on input line 1827.
LaTeX Info: Redefining \upshape on input line 1831.

(/usr/local/texlive/2012/texmf-dist/tex/latex/fontspec/fontspec.cfg)))
(/usr/local/texlive/2012/texmf-dist/tex/latex/geometry/geometry.sty
Package: geometry 2010/09/12 v5.6 Page Geometry

(/usr/local/texlive/2012/texmf-dist/tex/generic/oberdiek/ifvtex.sty
Package: ifvtex 2010/03/01 v1.5 Detect VTeX and its facilities (HO)
Package ifvtex Info: VTeX not detected.
)
(/usr/local/texlive/2012/texmf-dist/tex/generic/ifxetex/ifxetex.sty
Package: ifxetex 2010/09/12 v0.6 Provides ifxetex conditional
)
\Gm@cnth=\count360
\Gm@cntv=\count361
\c@Gm@tempcnt=\count362
\Gm@bindingoffset=\dimen296
\Gm@wd@mp=\dimen297
\Gm@odd@mp=\dimen298
\Gm@even@mp=\dimen299
\Gm@layoutwidth=\dimen300
\Gm@layoutheight=\dimen301
\Gm@layouthoffset=\dimen302
\Gm@layoutvoffset=\dimen303
\Gm@dimlist=\toks18
)
(/usr/local/texlive/2012/texmf-dist/tex/latex/fancyhdr/fancyhdr.sty
\fancy@headwidth=\skip262
\f@ncyO@elh=\skip263
\f@ncyO@erh=\skip264
\f@ncyO@olh=\skip265
\f@ncyO@orh=\skip266
\f@ncyO@elf=\skip267
\f@ncyO@erf=\skip268
\f@ncyO@olf=\skip269
\f@ncyO@orf=\skip270
)
(/usr/local/texlive/2012/texmf-dist/tex/latex/xcolor/xcolor.sty
Package: xcolor 2007/01/21 v2.11 LaTeX color extensions (UK)

(/usr/local/texlive/2012/texmf-dist/tex/latex/latexconfig/color.cfg
File: color.cfg 2007/01/18 v1.5 color configuration of teTeX/TeXLive
)
Package xcolor Info: Package option `usenames' ignored on input line 216.
Package xcolor Info: Driver file: pdftex.def on input line 225.
LaTeX Info: Redefining \color on input line 702.
Package xcolor Info: Model `cmy' substituted by `cmy0' on input line 1337.
Package xcolor Info: Model `hsb' substituted by `rgb' on input line 1341.
Package xcolor Info: Model `RGB' extended on input line 1353.
Package xcolor Info: Model `HTML' substituted by `rgb' on input line 1355.
Package xcolor Info: Model `Hsb' substituted by `hsb' on input line 1356.
Package xcolor Info: Model `tHsb' substituted by `hsb' on input line 1357.
Package xcolor Info: Model `HSB' substituted by `hsb' on input line 1358.
Package xcolor Info: Model `Gray' substituted by `gray' on input line 1359.
Package xcolor Info: Model `wave' substituted by `hsb' on input line 1360.

(/usr/local/texlive/2012/texmf-dist/tex/latex/graphics/dvipsnam.def
File: dvipsnam.def 1999/02/16 v3.0i Driver-dependant file (DPC,SPQR)
))
(/usr/local/texlive/2012/texmf-dist/tex/latex/sectsty/sectsty.sty
Package: sectsty 2002/02/25 v2.0.2 Commands to change all sectional heading sty
les
)
(/usr/local/texlive/2012/texmf-dist/tex/generic/ulem/ulem.sty
\UL@box=\box265
\UL@hyphenbox=\box266
\UL@skip=\skip271
\UL@hook=\toks19
\UL@height=\dimen304
\UL@pe=\count363
\UL@pixel=\dimen305
\ULC@box=\box267
Package: ulem 2012/05/18
\ULdepth=\dimen306
)
(/usr/local/texlive/2012/texmf-dist/tex/latex/marginnote/marginnote.sty
Package: marginnote 2012/03/29 v1.1i non floating margin notes for LaTeX
\c@mn@abspage=\count364
)
(/usr/local/texlive/2012/texmf-dist/tex/latex/hyperref/hyperref.sty
Package: hyperref 2012/05/13 v6.82q Hypertext links for LaTeX

(/usr/local/texlive/2012/texmf-dist/tex/generic/oberdiek/hobsub-hyperref.sty
Package: hobsub-hyperref 2012/05/28 v1.13 Bundle oberdiek, subset hyperref (HO)


(/usr/local/texlive/2012/texmf-dist/tex/generic/oberdiek/hobsub-generic.sty
Package: hobsub-generic 2012/05/28 v1.13 Bundle oberdiek, subset generic (HO)
Package: hobsub 2012/05/28 v1.13 Construct package bundles (HO)
Package hobsub Info: Skipping package `infwarerr' (already loaded).
Package hobsub Info: Skipping package `ltxcmds' (already loaded).
Package hobsub Info: Skipping package `ifluatex' (already loaded).
Package hobsub Info: Skipping package `ifvtex' (already loaded).
Package: intcalc 2007/09/27 v1.1 Expandable calculations with integers (HO)
Package hobsub Info: Skipping package `ifpdf' (already loaded).
Package: etexcmds 2011/02/16 v1.5 Avoid name clashes with e-TeX commands (HO)
Package: kvsetkeys 2012/04/25 v1.16 Key value parser (HO)
Package: kvdefinekeys 2011/04/07 v1.3 Define keys (HO)
Package hobsub Info: Skipping package `luatex-loader' (already loaded).
Package hobsub Info: Skipping package `pdftexcmds' (already loaded).
Package: pdfescape 2011/11/25 v1.13 Implements pdfTeX's escape features (HO)
Package: bigintcalc 2012/04/08 v1.3 Expandable calculations on big integers (HO
)
Package: bitset 2011/01/30 v1.1 Handle bit-vector datatype (HO)
Package: uniquecounter 2011/01/30 v1.2 Provide unlimited unique counter (HO)
)
Package hobsub Info: Skipping package `hobsub' (already loaded).
Package: letltxmacro 2010/09/02 v1.4 Let assignment for LaTeX macros (HO)
Package: hopatch 2012/05/28 v1.2 Wrapper for package hooks (HO)
Package: xcolor-patch 2011/01/30 xcolor patch
Package: atveryend 2011/06/30 v1.8 Hooks at the very end of document (HO)
Package atveryend Info: \enddocument detected (standard20110627).
Package: atbegshi 2011/10/05 v1.16 At begin shipout hook (HO)
Package: refcount 2011/10/16 v3.4 Data extraction from label references (HO)
Package: hycolor 2011/01/30 v1.7 Color options for hyperref/bookmark (HO)
)
(/usr/local/texlive/2012/texmf-dist/tex/latex/oberdiek/kvoptions.sty
Package: kvoptions 2011/06/30 v3.11 Key value format for package options (HO)
)
\@linkdim=\dimen307
\Hy@linkcounter=\count365
\Hy@pagecounter=\count366

(/usr/local/texlive/2012/texmf-dist/tex/latex/hyperref/pd1enc.def
File: pd1enc.def 2012/05/13 v6.82q Hyperref: PDFDocEncoding definition (HO)
)
\Hy@SavedSpaceFactor=\count367

(/usr/local/texlive/2012/texmf-dist/tex/latex/latexconfig/hyperref.cfg
File: hyperref.cfg 2002/06/06 v1.2 hyperref configuration of TeXLive
)
Package hyperref Info: Option `bookmarks' set `true' on input line 3941.
Package hyperref Info: Option `colorlinks' set `true' on input line 3941.
Package hyperref Info: Option `breaklinks' set `true' on input line 3941.
Package hyperref Info: Hyper figures OFF on input line 4062.
Package hyperref Info: Link nesting OFF on input line 4067.
Package hyperref Info: Hyper index ON on input line 4070.
Package hyperref Info: Plain pages OFF on input line 4077.
Package hyperref Info: Backreferencing OFF on input line 4082.
Package hyperref Info: Implicit mode ON; LaTeX internals redefined.
Package hyperref Info: Bookmarks ON on input line 4300.
\c@Hy@tempcnt=\count368

(/usr/local/texlive/2012/texmf-dist/tex/latex/url/url.sty
\Urlmuskip=\muskip10
Package: url 2006/04/12  ver 3.3  Verb mode for urls, etc.
)
LaTeX Info: Redefining \url on input line 4653.
\Fld@menulength=\count369
\Field@Width=\dimen308
\Fld@charsize=\dimen309
Package hyperref Info: Hyper figures OFF on input line 5773.
Package hyperref Info: Link nesting OFF on input line 5778.
Package hyperref Info: Hyper index ON on input line 5781.
Package hyperref Info: backreferencing OFF on input line 5788.
Package hyperref Info: Link coloring ON on input line 5791.
Package hyperref Info: Link coloring with OCG OFF on input line 5798.
Package hyperref Info: PDF/A mode OFF on input line 5803.
LaTeX Info: Redefining \ref on input line 5843.
LaTeX Info: Redefining \pageref on input line 5847.
\Hy@abspage=\count370
\c@Item=\count371
\c@Hfootnote=\count372
)

Package hyperref Message: Driver (autodetected): hpdftex.

(/usr/local/texlive/2012/texmf-dist/tex/latex/hyperref/hpdftex.def
File: hpdftex.def 2012/05/13 v6.82q Hyperref driver for pdfTeX
\Fld@listcount=\count373
\c@bookmark@seq@number=\count374

(/usr/local/texlive/2012/texmf-dist/tex/latex/oberdiek/rerunfilecheck.sty
Package: rerunfilecheck 2011/04/15 v1.7 Rerun checks for auxiliary files (HO)
Package uniquecounter Info: New unique counter `rerunfilecheck' on input line 2
82.
)
\Hy@SectionHShift=\skip272
)
luaotfload | Font names database loaded: /Users/michaelking214/Library/texlive/
2012/texmf-var/luatex-cache/generic/names/otfl-names.lua
luaotfload | load font: font family='linuxlibertine', subfamily='regular' found
: /Users/michaelking214/Library/Fonts/LinLibertine_Rah.ttf(load: /Users/michael
king214/Library/texlive/2012/texmf-var/luatex-cache/generic/fonts/otf/temp-linl
ibertine-rah.lua)
luaotfload | load font: font family='linuxlibertine', subfamily='regular' found
: /Users/michaelking214/Library/Fonts/LinLibertine_Rah.ttf
fontspec: script 'latn' exists in font 'Linux Libertine'
fontspec: script 'latn' exists in font 'Linux Libertine'
*************************************************
* fontspec warning: "no-mapping-ligtex"
* 
* Input mapping not (yet?) supported in LuaTeX.
* Use "Ligatures=TeX" instead of "Mapping=tex-text".
*************************************************
fontspec: feature '+liga' for language 'DFLT' and script 'latn' exists in font 
'Linux Libertine'
fontspec: feature '+onum' for language 'DFLT' and script 'latn' exists in font 
'Linux Libertine'
fontspec: feature '+ss01' for language 'DFLT' and script 'latn' exists in font 
'Linux Libertine'
\g_fontspec_family_Linux Libertine_int=\count375
luaotfload | load font: font family='linuxlibertine', subfamily='regular' found
: /Users/michaelking214/Library/Fonts/LinLibertine_Rah.ttf
fontspec: feature '+liga' for language 'DFLT' and script 'latn' exists in font 
'Linux Libertine'
fontspec: feature '+onum' for language 'DFLT' and script 'latn' exists in font 
'Linux Libertine'
fontspec: feature '+ss01' for language 'DFLT' and script 'latn' exists in font 
'Linux Libertine'
fontspec: feature '+smcp' for language 'DFLT' and script 'latn' exists in font 
'Linux Libertine'
fontspec: feature '+liga' for language 'DFLT' and script 'latn' exists in font 
'Linux Libertine'
fontspec: feature '+onum' for language 'DFLT' and script 'latn' exists in font 
'Linux Libertine'
fontspec: feature '+ss01' for language 'DFLT' and script 'latn' exists in font 
'Linux Libertine'
fontspec: feature '+smcp' for language 'DFLT' and script 'latn' exists in font 
'Linux Libertine'
luaotfload | load font: font family='linuxlibertine', subfamily='regular' found
: /Users/michaelking214/Library/Fonts/LinLibertine_Rah.ttf
luaotfload | load font: font family='linuxlibertine', subfamily='bold' found: /
Users/michaelking214/Library/Fonts/LinLibertine_RBah.ttf(load: /Users/michaelki
ng214/Library/texlive/2012/texmf-var/luatex-cache/generic/fonts/otf/temp-linlib
ertine-rbah.lua)
luaotfload | load font: font family='linuxlibertine', subfamily='bold' found: /
Users/michaelking214/Library/Fonts/LinLibertine_RBah.ttf
fontspec: feature '+liga' for language 'DFLT' and script 'latn' exists in font 
'Linux Libertine Bold'
fontspec: feature '+onum' for language 'DFLT' and script 'latn' exists in font 
'Linux Libertine Bold'
fontspec: feature '+ss01' for language 'DFLT' and script 'latn' exists in font 
'Linux Libertine Bold'
fontspec: feature '+smcp' for language 'DFLT' and script 'latn' exists in font 
'Linux Libertine Bold'
fontspec: feature '+liga' for language 'DFLT' and script 'latn' exists in font 
'Linux Libertine Bold'
fontspec: feature '+onum' for language 'DFLT' and script 'latn' exists in font 
'Linux Libertine Bold'
fontspec: feature '+ss01' for language 'DFLT' and script 'latn' exists in font 
'Linux Libertine Bold'
fontspec: feature '+smcp' for language 'DFLT' and script 'latn' exists in font 
'Linux Libertine Bold'
luaotfload | load font: font family='linuxlibertine', subfamily='regular' found
: /Users/michaelking214/Library/Fonts/LinLibertine_Rah.ttf
luaotfload | load font: font family='linuxlibertine', subfamily='italic' found:
 /Users/michaelking214/Library/Fonts/LinLibertine_RIah.ttf(load: /Users/michael
king214/Library/texlive/2012/texmf-var/luatex-cache/generic/fonts/otf/temp-linl
ibertine-riah.lua)
luaotfload | load font: font family='linuxlibertine', subfamily='italic' found:
 /Users/michaelking214/Library/Fonts/LinLibertine_RIah.ttf
fontspec: feature '+liga' for language 'DFLT' and script 'latn' exists in font 
'Linux Libertine Italic'
fontspec: feature '+onum' for language 'DFLT' and script 'latn' exists in font 
'Linux Libertine Italic'
fontspec: feature '+ss01' for language 'DFLT' and script 'latn' exists in font 
'Linux Libertine Italic'
fontspec: feature '+smcp' for language 'DFLT' and script 'latn' exists in font 
'Linux Libertine Italic'
fontspec: feature '+liga' for language 'DFLT' and script 'latn' exists in font 
'Linux Libertine Italic'
fontspec: feature '+onum' for language 'DFLT' and script 'latn' exists in font 
'Linux Libertine Italic'
fontspec: feature '+ss01' for language 'DFLT' and script 'latn' exists in font 
'Linux Libertine Italic'
fontspec: feature '+smcp' for language 'DFLT' and script 'latn' exists in font 
'Linux Libertine Italic'
luaotfload | load font: font family='linuxlibertine', subfamily='regular' found
: /Users/michaelking214/Library/Fonts/LinLibertine_Rah.ttf
luaotfload | load font: font family='linuxlibertine', subfamily='bolditalic' fo
und: /Users/michaelking214/Library/Fonts/LinLibertine_RBIah.ttf(load: /Users/mi
chaelking214/Library/texlive/2012/texmf-var/luatex-cache/generic/fonts/otf/temp
-linlibertine-rbiah.lua)
luaotfload | load font: font family='linuxlibertine', subfamily='bolditalic' fo
und: /Users/michaelking214/Library/Fonts/LinLibertine_RBIah.ttf
fontspec: feature '+liga' for language 'DFLT' and script 'latn' exists in font 
'Linux Libertine Bold Italic'
fontspec: feature '+onum' for language 'DFLT' and script 'latn' exists in font 
'Linux Libertine Bold Italic'
fontspec: feature '+ss01' for language 'DFLT' and script 'latn' exists in font 
'Linux Libertine Bold Italic'
fontspec: feature '+smcp' for language 'DFLT' and script 'latn' exists in font 
'Linux Libertine Bold Italic'
fontspec: feature '+liga' for language 'DFLT' and script 'latn' exists in font 
'Linux Libertine Bold Italic'
fontspec: feature '+onum' for language 'DFLT' and script 'latn' exists in font 
'Linux Libertine Bold Italic'
fontspec: feature '+ss01' for language 'DFLT' and script 'latn' exists in font 
'Linux Libertine Bold Italic'
fontspec: feature '+smcp' for language 'DFLT' and script 'latn' exists in font 
'Linux Libertine Bold Italic'
.................................................
. fontspec info: "defining-font"
. 
. Font family 'LinuxLibertine(0)' created for font 'Linux Libertine' with
. options [Mapping=tex-text,Ligatures={Common}, Numbers={OldStyle},
. Variant=01,].
. 
. This font family consists of the following shapes:
. 
. * 'normal' with NFSS spec.:
. 
. <->"name:LinuxLibertine:mode=node;script=latn;language=DFLT;+tlig;+trep;+liga
;+onum;+ss01;"
. 
. * 'small caps' with NFSS spec.:
. 
. <->"name:LinuxLibertine:mode=node;script=latn;language=DFLT;+tlig;+trep;+liga
;+onum;+ss01;+smcp;"
. 
. * 'bold' with NFSS spec.:
. 
. <->"name:LinuxLibertine/B:mode=node;script=latn;language=DFLT;+tlig;+trep;+li
ga;+onum;+ss01;"
. 
. * 'bold small caps' with NFSS spec.:
. 
. <->"name:LinuxLibertine/B:mode=node;script=latn;language=DFLT;+tlig;+trep;+li
ga;+onum;+ss01;+smcp;"
. 
. * 'italic' with NFSS spec.:
. 
. <->"name:LinuxLibertine/I:mode=node;script=latn;language=DFLT;+tlig;+trep;+li
ga;+onum;+ss01;"
. 
. * 'italic small caps' with NFSS spec.:
. 
. <->"name:LinuxLibertine/I:mode=node;script=latn;language=DFLT;+tlig;+trep;+li
ga;+onum;+ss01;+smcp;"
. 
. * 'bold italic' with NFSS spec.:
. 
. <->"name:LinuxLibertine/BI:mode=node;script=latn;language=DFLT;+tlig;+trep;+l
iga;+onum;+ss01;"
. 
. * 'bold italic small caps' with NFSS spec.:
. 
. <->"name:LinuxLibertine/BI:mode=node;script=latn;language=DFLT;+tlig;+trep;+l
iga;+onum;+ss01;+smcp;"
.................................................
luaotfload | load font: auto-selecting default features for script: dflt (was l
atn)
luaotfload | load font: font family='linuxlibertine', subfamily='regular' found
: /Users/michaelking214/Library/Fonts/LinLibertine_Rah.ttf
(/usr/local/texlive/2012/texmf-dist/tex/latex/xltxtra/xltxtra.sty
Package: xltxtra 2010/09/20 v0.5e Improvements for the "XeLaTeX" format


Package xltxtra Warning: 
 XLTXTRA IS TO BE USED ONLY UNDER XETEX. LOAD FONTSPEC DIRECTLY, INSTEAD.
 ABORTING LOADING.

) (/usr/local/texlive/2012/texmf-dist/tex/latex/marvosym/marvosym.sty
Package: marvosym 2011/07/20 v2.2 Martin Vogel's Symbols font definitions
)
(/usr/local/texlive/2012/texmf-dist/tex/latex/setspace/setspace.sty
Package: setspace 2011/12/19 v6.7a set line spacing
)
(/usr/local/texlive/2012/texmf-dist/tex/latex/enumitem/enumitem.sty
Package: enumitem 2011/09/28 v3.5.2 Customized lists
\labelindent=\skip273
\enit@outerparindent=\dimen310
\enit@toks=\toks20
\enit@inbox=\box268
\enitdp@description=\count376
)
(/usr/local/texlive/2012/texmf-dist/tex/latex/titlesec/titlesec.sty
Package: titlesec 2011/12/15 v2.10.0 Sectioning titles
\ttl@box=\box269
\beforetitleunit=\skip274
\aftertitleunit=\skip275
\ttl@plus=\dimen311
\ttl@minus=\dimen312
\ttl@toksa=\toks21
\titlewidth=\dimen313
\titlewidthlast=\dimen314
\titlewidthfirst=\dimen315
)
(/usr/local/texlive/2012/texmf-dist/tex/latex/pgf/frontendlayer/tikz.sty
(/usr/local/texlive/2012/texmf-dist/tex/latex/pgf/basiclayer/pgf.sty
(/usr/local/texlive/2012/texmf-dist/tex/latex/pgf/utilities/pgfrcs.sty
(/usr/local/texlive/2012/texmf-dist/tex/generic/pgf/utilities/pgfutil-common.te
x
\pgfutil@everybye=\toks22
)
(/usr/local/texlive/2012/texmf-dist/tex/generic/pgf/utilities/pgfutil-latex.def
\pgfutil@abb=\box270
(/usr/local/texlive/2012/texmf-dist/tex/latex/ms/everyshi.sty
Package: everyshi 2001/05/15 v3.00 EveryShipout Package (MS)
))
(/usr/local/texlive/2012/texmf-dist/tex/generic/pgf/utilities/pgfrcs.code.tex
Package: pgfrcs 2010/10/25 v2.10 (rcs-revision 1.24)
))
Package: pgf 2008/01/15 v2.10 (rcs-revision 1.12)
(/usr/local/texlive/2012/texmf-dist/tex/latex/pgf/basiclayer/pgfcore.sty
(/usr/local/texlive/2012/texmf-dist/tex/latex/pgf/systemlayer/pgfsys.sty
(/usr/local/texlive/2012/texmf-dist/tex/generic/pgf/systemlayer/pgfsys.code.tex
Package: pgfsys 2010/06/30 v2.10 (rcs-revision 1.37)
(/usr/local/texlive/2012/texmf-dist/tex/generic/pgf/utilities/pgfkeys.code.tex
\pgfkeys@pathtoks=\toks23
\pgfkeys@temptoks=\toks24

(/usr/local/texlive/2012/texmf-dist/tex/generic/pgf/utilities/pgfkeysfiltered.c
ode.tex
\pgfkeys@tmptoks=\toks25
))
\pgf@x=\dimen316
\pgf@y=\dimen317
\pgf@xa=\dimen318
\pgf@ya=\dimen319
\pgf@xb=\dimen320
\pgf@yb=\dimen321
\pgf@xc=\dimen322
\pgf@yc=\dimen323
\w@pgf@writea=\write3
\r@pgf@reada=\read1
\c@pgf@counta=\count377
\c@pgf@countb=\count378
\c@pgf@countc=\count379
\c@pgf@countd=\count380

(/usr/local/texlive/2012/texmf-dist/tex/generic/pgf/systemlayer/pgf.cfg
File: pgf.cfg 2008/05/14  (rcs-revision 1.7)
)
Package pgfsys Info: Driver file for pgf: pgfsys-pdftex.def on input line 900.

(/usr/local/texlive/2012/texmf-dist/tex/generic/pgf/systemlayer/pgfsys-pdftex.d
ef
File: pgfsys-pdftex.def 2009/05/22  (rcs-revision 1.26)

(/usr/local/texlive/2012/texmf-dist/tex/generic/pgf/systemlayer/pgfsys-common-p
df.def
File: pgfsys-common-pdf.def 2008/05/19  (rcs-revision 1.10)
)))
(/usr/local/texlive/2012/texmf-dist/tex/generic/pgf/systemlayer/pgfsyssoftpath.
code.tex
File: pgfsyssoftpath.code.tex 2008/07/18  (rcs-revision 1.7)
\pgfsyssoftpath@smallbuffer@items=\count381
\pgfsyssoftpath@bigbuffer@items=\count382
)
(/usr/local/texlive/2012/texmf-dist/tex/generic/pgf/systemlayer/pgfsysprotocol.
code.tex
File: pgfsysprotocol.code.tex 2006/10/16  (rcs-revision 1.4)
))
(/usr/local/texlive/2012/texmf-dist/tex/generic/pgf/basiclayer/pgfcore.code.tex
Package: pgfcore 2010/04/11 v2.10 (rcs-revision 1.7)
(/usr/local/texlive/2012/texmf-dist/tex/generic/pgf/math/pgfmath.code.tex
(/usr/local/texlive/2012/texmf-dist/tex/generic/pgf/math/pgfmathcalc.code.tex
(/usr/local/texlive/2012/texmf-dist/tex/generic/pgf/math/pgfmathutil.code.tex)
(/usr/local/texlive/2012/texmf-dist/tex/generic/pgf/math/pgfmathparser.code.tex
\pgfmath@dimen=\dimen324
\pgfmath@count=\count383
\pgfmath@box=\box271
\pgfmath@toks=\toks26
\pgfmath@stack@operand=\toks27
\pgfmath@stack@operation=\toks28
)
(/usr/local/texlive/2012/texmf-dist/tex/generic/pgf/math/pgfmathfunctions.code.
tex
(/usr/local/texlive/2012/texmf-dist/tex/generic/pgf/math/pgfmathfunctions.basic
.code.tex)
(/usr/local/texlive/2012/texmf-dist/tex/generic/pgf/math/pgfmathfunctions.trigo
nometric.code.tex)
(/usr/local/texlive/2012/texmf-dist/tex/generic/pgf/math/pgfmathfunctions.rando
m.code.tex)
(/usr/local/texlive/2012/texmf-dist/tex/generic/pgf/math/pgfmathfunctions.compa
rison.code.tex)
(/usr/local/texlive/2012/texmf-dist/tex/generic/pgf/math/pgfmathfunctions.base.
code.tex)
(/usr/local/texlive/2012/texmf-dist/tex/generic/pgf/math/pgfmathfunctions.round
.code.tex)
(/usr/local/texlive/2012/texmf-dist/tex/generic/pgf/math/pgfmathfunctions.misc.
code.tex)))
(/usr/local/texlive/2012/texmf-dist/tex/generic/pgf/math/pgfmathfloat.code.tex
\c@pgfmathroundto@lastzeros=\count384
))
(/usr/local/texlive/2012/texmf-dist/tex/generic/pgf/basiclayer/pgfcorepoints.co
de.tex
File: pgfcorepoints.code.tex 2010/04/09  (rcs-revision 1.20)
\pgf@picminx=\dimen325
\pgf@picmaxx=\dimen326
\pgf@picminy=\dimen327
\pgf@picmaxy=\dimen328
\pgf@pathminx=\dimen329
\pgf@pathmaxx=\dimen330
\pgf@pathminy=\dimen331
\pgf@pathmaxy=\dimen332
\pgf@xx=\dimen333
\pgf@xy=\dimen334
\pgf@yx=\dimen335
\pgf@yy=\dimen336
\pgf@zx=\dimen337
\pgf@zy=\dimen338
)
(/usr/local/texlive/2012/texmf-dist/tex/generic/pgf/basiclayer/pgfcorepathconst
ruct.code.tex
File: pgfcorepathconstruct.code.tex 2010/08/03  (rcs-revision 1.24)
\pgf@path@lastx=\dimen339
\pgf@path@lasty=\dimen340
)
(/usr/local/texlive/2012/texmf-dist/tex/generic/pgf/basiclayer/pgfcorepathusage
.code.tex
File: pgfcorepathusage.code.tex 2008/04/22  (rcs-revision 1.12)
\pgf@shorten@end@additional=\dimen341
\pgf@shorten@start@additional=\dimen342
)
(/usr/local/texlive/2012/texmf-dist/tex/generic/pgf/basiclayer/pgfcorescopes.co
de.tex
File: pgfcorescopes.code.tex 2010/09/08  (rcs-revision 1.34)
\pgfpic=\box272
\pgf@hbox=\box273
\pgf@layerbox@main=\box274
\pgf@picture@serial@count=\count385
)
(/usr/local/texlive/2012/texmf-dist/tex/generic/pgf/basiclayer/pgfcoregraphicst
ate.code.tex
File: pgfcoregraphicstate.code.tex 2008/04/22  (rcs-revision 1.9)
\pgflinewidth=\dimen343
)
(/usr/local/texlive/2012/texmf-dist/tex/generic/pgf/basiclayer/pgfcoretransform
ations.code.tex
File: pgfcoretransformations.code.tex 2009/06/10  (rcs-revision 1.11)
\pgf@pt@x=\dimen344
\pgf@pt@y=\dimen345
\pgf@pt@temp=\dimen346
)
(/usr/local/texlive/2012/texmf-dist/tex/generic/pgf/basiclayer/pgfcorequick.cod
e.tex
File: pgfcorequick.code.tex 2008/10/09  (rcs-revision 1.3)
)
(/usr/local/texlive/2012/texmf-dist/tex/generic/pgf/basiclayer/pgfcoreobjects.c
ode.tex
File: pgfcoreobjects.code.tex 2006/10/11  (rcs-revision 1.2)
)
(/usr/local/texlive/2012/texmf-dist/tex/generic/pgf/basiclayer/pgfcorepathproce
ssing.code.tex
File: pgfcorepathprocessing.code.tex 2008/10/09  (rcs-revision 1.8)
)
(/usr/local/texlive/2012/texmf-dist/tex/generic/pgf/basiclayer/pgfcorearrows.co
de.tex
File: pgfcorearrows.code.tex 2008/04/23  (rcs-revision 1.11)
)
(/usr/local/texlive/2012/texmf-dist/tex/generic/pgf/basiclayer/pgfcoreshade.cod
e.tex
File: pgfcoreshade.code.tex 2008/11/23  (rcs-revision 1.13)
\pgf@max=\dimen347
\pgf@sys@shading@range@num=\count386
)
(/usr/local/texlive/2012/texmf-dist/tex/generic/pgf/basiclayer/pgfcoreimage.cod
e.tex
File: pgfcoreimage.code.tex 2010/03/25  (rcs-revision 1.16)

(/usr/local/texlive/2012/texmf-dist/tex/generic/pgf/basiclayer/pgfcoreexternal.
code.tex
File: pgfcoreexternal.code.tex 2010/09/01  (rcs-revision 1.17)
\pgfexternal@startupbox=\box275
))
(/usr/local/texlive/2012/texmf-dist/tex/generic/pgf/basiclayer/pgfcorelayers.co
de.tex
File: pgfcorelayers.code.tex 2010/08/27  (rcs-revision 1.2)
)
(/usr/local/texlive/2012/texmf-dist/tex/generic/pgf/basiclayer/pgfcoretranspare
ncy.code.tex
File: pgfcoretransparency.code.tex 2008/01/17  (rcs-revision 1.2)
)
(/usr/local/texlive/2012/texmf-dist/tex/generic/pgf/basiclayer/pgfcorepatterns.
code.tex
File: pgfcorepatterns.code.tex 2009/07/02  (rcs-revision 1.3)
)))
(/usr/local/texlive/2012/texmf-dist/tex/generic/pgf/modules/pgfmoduleshapes.cod
e.tex
File: pgfmoduleshapes.code.tex 2010/09/09  (rcs-revision 1.13)
\pgfnodeparttextbox=\box276
)
(/usr/local/texlive/2012/texmf-dist/tex/generic/pgf/modules/pgfmoduleplot.code.
tex
File: pgfmoduleplot.code.tex 2010/10/22  (rcs-revision 1.8)
)
(/usr/local/texlive/2012/texmf-dist/tex/latex/pgf/compatibility/pgfcomp-version
-0-65.sty
Package: pgfcomp-version-0-65 2007/07/03 v2.10 (rcs-revision 1.7)
\pgf@nodesepstart=\dimen348
\pgf@nodesepend=\dimen349
)
(/usr/local/texlive/2012/texmf-dist/tex/latex/pgf/compatibility/pgfcomp-version
-1-18.sty
Package: pgfcomp-version-1-18 2007/07/23 v2.10 (rcs-revision 1.1)
))
(/usr/local/texlive/2012/texmf-dist/tex/latex/pgf/utilities/pgffor.sty
(/usr/local/texlive/2012/texmf-dist/tex/latex/pgf/utilities/pgfkeys.sty
(/usr/local/texlive/2012/texmf-dist/tex/generic/pgf/utilities/pgfkeys.code.tex)
) (/usr/local/texlive/2012/texmf-dist/tex/generic/pgf/utilities/pgffor.code.tex
Package: pgffor 2010/03/23 v2.10 (rcs-revision 1.18)
\pgffor@iter=\dimen350
\pgffor@skip=\dimen351
\pgffor@stack=\toks29
\pgffor@toks=\toks30
))
(/usr/local/texlive/2012/texmf-dist/tex/generic/pgf/frontendlayer/tikz/tikz.cod
e.tex
Package: tikz 2010/10/13 v2.10 (rcs-revision 1.76)

(/usr/local/texlive/2012/texmf-dist/tex/generic/pgf/libraries/pgflibraryplothan
dlers.code.tex
File: pgflibraryplothandlers.code.tex 2010/05/31 v2.10 (rcs-revision 1.15)
\pgf@plot@mark@count=\count387
\pgfplotmarksize=\dimen352
)
\tikz@lastx=\dimen353
\tikz@lasty=\dimen354
\tikz@lastxsaved=\dimen355
\tikz@lastysaved=\dimen356
\tikzleveldistance=\dimen357
\tikzsiblingdistance=\dimen358
\tikz@figbox=\box277
\tikz@tempbox=\box278
\tikztreelevel=\count388
\tikznumberofchildren=\count389
\tikznumberofcurrentchild=\count390
\tikz@fig@count=\count391

(/usr/local/texlive/2012/texmf-dist/tex/generic/pgf/modules/pgfmodulematrix.cod
e.tex
File: pgfmodulematrix.code.tex 2010/08/24  (rcs-revision 1.4)
\pgfmatrixcurrentrow=\count392
\pgfmatrixcurrentcolumn=\count393
\pgf@matrix@numberofcolumns=\count394
)
\tikz@expandcount=\count395

(/usr/local/texlive/2012/texmf-dist/tex/generic/pgf/frontendlayer/tikz/librarie
s/tikzlibrarytopaths.code.tex
File: tikzlibrarytopaths.code.tex 2008/06/17 v2.10 (rcs-revision 1.2)
)))
(/usr/local/texlive/2012/texmf-dist/tex/latex/amsfonts/amssymb.sty
Package: amssymb 2009/06/22 v3.00

(/usr/local/texlive/2012/texmf-dist/tex/latex/amsfonts/amsfonts.sty
Package: amsfonts 2009/06/22 v3.00 Basic AMSFonts support
\@emptytoks=\toks31
\symAMSa=\mathgroup4
\symAMSb=\mathgroup5
LaTeX Font Info:    Overwriting math alphabet `\mathfrak' in version `bold'
(Font)                  U/euf/m/n --> U/euf/b/n on input line 96.
))
(/usr/local/texlive/2012/texmf-dist/tex/latex/wasysym/wasysym.sty
Package: wasysym 2003/10/30 v2.0 Wasy-2 symbol support package
\symwasy=\mathgroup6
LaTeX Font Info:    Overwriting symbol font `wasy' in version `bold'
(Font)                  U/wasy/m/n --> U/wasy/b/n on input line 90.
)
(./MichaelKing_CV.aux)
LaTeX Font Info:    Checking defaults for OML/cmm/m/it on input line 113.
LaTeX Font Info:    ... okay on input line 113.
LaTeX Font Info:    Checking defaults for T1/cmr/m/n on input line 113.
LaTeX Font Info:    ... okay on input line 113.
LaTeX Font Info:    Checking defaults for OT1/cmr/m/n on input line 113.
LaTeX Font Info:    ... okay on input line 113.
LaTeX Font Info:    Checking defaults for OMS/cmsy/m/n on input line 113.
LaTeX Font Info:    ... okay on input line 113.
LaTeX Font Info:    Checking defaults for OMX/cmex/m/n on input line 113.
LaTeX Font Info:    ... okay on input line 113.
LaTeX Font Info:    Checking defaults for U/cmr/m/n on input line 113.
LaTeX Font Info:    ... okay on input line 113.
LaTeX Font Info:    Checking defaults for EU2/lmr/m/n on input line 113.
LaTeX Font Info:    ... okay on input line 113.
LaTeX Font Info:    Checking defaults for T3/cmr/m/n on input line 113.
LaTeX Font Info:    Try loading font information for T3+cmr on input line 113.

(/usr/local/texlive/2012/texmf-dist/tex/latex/tipa/t3cmr.fd
File: t3cmr.fd 2001/12/31 TIPA font definitions
)
LaTeX Font Info:    ... okay on input line 113.
LaTeX Font Info:    Checking defaults for PD1/pdf/m/n on input line 113.
LaTeX Font Info:    ... okay on input line 113.
luaotfload | load font: auto-selecting default features for script: dflt (was l
atn)
luaotfload | load font: font family='linuxlibertine', subfamily='regular' found
: /Users/michaelking214/Library/Fonts/LinLibertine_Rah.ttf
(/usr/local/texlive/2012/texmf-dist/tex/context/base/supp-pdf.mkii
[Loading MPS to PDF converter (version 2006.09.02).]
\scratchcounter=\count396
\scratchdimen=\dimen359
\scratchbox=\box279
\nofMPsegments=\count397
\nofMParguments=\count398
\everyMPshowfont=\toks32
\MPscratchCnt=\count399
\MPscratchDim=\dimen360
\MPnumerator=\count400
\makeMPintoPDFobject=\count401
\everyMPtoPDFconversion=\toks33
) (/usr/local/texlive/2012/texmf-dist/tex/latex/oberdiek/epstopdf-base.sty
Package: epstopdf-base 2010/02/09 v2.5 Base part for package epstopdf

(/usr/local/texlive/2012/texmf-dist/tex/latex/oberdiek/grfext.sty
Package: grfext 2010/08/19 v1.1 Manage graphics extensions (HO)
)
Package grfext Info: Graphics extension search list:
(grfext)             [.png,.pdf,.jpg,.mps,.jpeg,.jbig2,.jb2,.PNG,.PDF,.JPG,.JPE
G,.JBIG2,.JB2,.eps]
(grfext)             \AppendGraphicsExtensions on input line 452.

(/usr/local/texlive/2012/texmf-dist/tex/latex/latexconfig/epstopdf-sys.cfg
File: epstopdf-sys.cfg 2010/07/13 v1.3 Configuration of (r)epstopdf for TeX Liv
e
))
.................................................
. fontspec info: "setup-math"
. 
. Adjusting the maths setup (use [no-math] to avoid this).
.................................................
\symlegacymaths=\mathgroup7
LaTeX Font Info:    Overwriting symbol font `legacymaths' in version `bold'
(Font)                  OT1/cmr/m/n --> OT1/cmr/bx/n on input line 113.
LaTeX Font Info:    Redeclaring math accent \acute on input line 113.
LaTeX Font Info:    Redeclaring math accent \grave on input line 113.
LaTeX Font Info:    Redeclaring math accent \ddot on input line 113.
LaTeX Font Info:    Redeclaring math accent \tilde on input line 113.
LaTeX Font Info:    Redeclaring math accent \bar on input line 113.
LaTeX Font Info:    Redeclaring math accent \breve on input line 113.
LaTeX Font Info:    Redeclaring math accent \check on input line 113.
LaTeX Font Info:    Redeclaring math accent \hat on input line 113.
LaTeX Font Info:    Redeclaring math accent \dot on input line 113.
LaTeX Font Info:    Redeclaring math accent \mathring on input line 113.
LaTeX Font Info:    Redeclaring math symbol \colon on input line 113.
LaTeX Font Info:    Redeclaring math symbol \Gamma on input line 113.
LaTeX Font Info:    Redeclaring math symbol \Delta on input line 113.
LaTeX Font Info:    Redeclaring math symbol \Theta on input line 113.
LaTeX Font Info:    Redeclaring math symbol \Lambda on input line 113.
LaTeX Font Info:    Redeclaring math symbol \Xi on input line 113.
LaTeX Font Info:    Redeclaring math symbol \Pi on input line 113.
LaTeX Font Info:    Redeclaring math symbol \Sigma on input line 113.
LaTeX Font Info:    Redeclaring math symbol \Upsilon on input line 113.
LaTeX Font Info:    Redeclaring math symbol \Phi on input line 113.
LaTeX Font Info:    Redeclaring math symbol \Psi on input line 113.
LaTeX Font Info:    Redeclaring math symbol \Omega on input line 113.
LaTeX Font Info:    Redeclaring math symbol \mathdollar on input line 113.
LaTeX Font Info:    Redeclaring symbol font `operators' on input line 113.
LaTeX Font Info:    Encoding `OT1' has changed to `EU2' for symbol font
(Font)              `operators' in the math version `normal' on input line 113.

LaTeX Font Info:    Overwriting symbol font `operators' in version `normal'
(Font)                  OT1/cmr/m/n --> EU2/LinuxLibertine(0)/m/n on input line
 113.
LaTeX Font Info:    Encoding `OT1' has changed to `EU2' for symbol font
(Font)              `operators' in the math version `bold' on input line 113.
LaTeX Font Info:    Overwriting symbol font `operators' in version `bold'
(Font)                  OT1/cmr/bx/n --> EU2/LinuxLibertine(0)/m/n on input lin
e 113.
LaTeX Font Info:    Overwriting symbol font `operators' in version `normal'
(Font)                  EU2/LinuxLibertine(0)/m/n --> EU2/LinuxLibertine(0)/m/n
 on input line 113.
LaTeX Font Info:    Overwriting math alphabet `\mathrm' in version `normal'
(Font)                  EU2/LinuxLibertine(0)/m/n --> EU2/LinuxLibertine(0)/m/n
 on input line 113.
LaTeX Font Info:    Overwriting math alphabet `\mathit' in version `normal'
(Font)                  OT1/cmr/m/it --> EU2/LinuxLibertine(0)/m/it on input li
ne 113.
LaTeX Font Info:    Overwriting math alphabet `\mathbf' in version `normal'
(Font)                  OT1/cmr/bx/n --> EU2/LinuxLibertine(0)/bx/n on input li
ne 113.
LaTeX Font Info:    Overwriting math alphabet `\mathsf' in version `normal'
(Font)                  OT1/cmss/m/n --> EU2/lmss/m/n on input line 113.
LaTeX Font Info:    Overwriting math alphabet `\mathtt' in version `normal'
(Font)                  OT1/cmtt/m/n --> EU2/lmtt/m/n on input line 113.
LaTeX Font Info:    Overwriting symbol font `operators' in version `bold'
(Font)                  EU2/LinuxLibertine(0)/m/n --> EU2/LinuxLibertine(0)/bx/
n on input line 113.
LaTeX Font Info:    Overwriting math alphabet `\mathrm' in version `bold'
(Font)                  EU2/LinuxLibertine(0)/m/n --> EU2/LinuxLibertine(0)/bx/
n on input line 113.
LaTeX Font Info:    Overwriting math alphabet `\mathit' in version `bold'
(Font)                  OT1/cmr/bx/it --> EU2/LinuxLibertine(0)/bx/it on input 
line 113.
LaTeX Font Info:    Overwriting math alphabet `\mathsf' in version `bold'
(Font)                  OT1/cmss/bx/n --> EU2/lmss/bx/n on input line 113.
LaTeX Font Info:    Overwriting math alphabet `\mathtt' in version `bold'
(Font)                  OT1/cmtt/m/n --> EU2/lmtt/bx/n on input line 113.

*geometry* driver: auto-detecting
*geometry* detected driver: pdftex
*geometry* verbose mode - [ preamble ] result:
* driver: pdftex
* paper: letterpaper
* layout: <same size as paper>
* layoutoffset:(h,v)=(0.0pt,0.0pt)
* modes: 
* h-part:(L,W,R)=(90.3375pt, 433.62pt, 90.33751pt)
* v-part:(T,H,B)=(57.81598pt, 650.43pt, 86.72401pt)
* \paperwidth=614.295pt
* \paperheight=794.96999pt
* \textwidth=433.62pt
* \textheight=650.43pt
* \oddsidemargin=36.135pt
* \evensidemargin=36.135pt
* \topmargin=-51.45401pt
* \headheight=12.0pt
* \headsep=25.0pt
* \topskip=12.0pt
* \footskip=30.0pt
* \marginparwidth=72.26999pt
* \marginparsep=15.0pt
* \columnsep=10.0pt
* \skip\footins=10.8pt plus 4.0pt minus 2.0pt
* \hoffset=0.0pt
* \voffset=0.0pt
* \mag=1000
* \@twocolumnfalse
* \@twosidefalse
* \@mparswitchfalse
* \@reversemargintrue
* (1in=72.27pt=25.4mm, 1cm=28.453pt)

Package marginnote Info: \pdfoutput not 0 and \pdflastxpos available.
(marginnote)             Extended position detection mode activated.
\AtBeginShipoutBox=\box280
Package hyperref Info: Link coloring ON on input line 113.
(/usr/local/texlive/2012/texmf-dist/tex/latex/hyperref/nameref.sty
Package: nameref 2010/04/30 v2.40 Cross-referencing by name of section

(/usr/local/texlive/2012/texmf-dist/tex/generic/oberdiek/gettitlestring.sty
Package: gettitlestring 2010/12/03 v1.4 Cleanup title references (HO)
)
\c@section@level=\count402
)
LaTeX Info: Redefining \ref on input line 113.
LaTeX Info: Redefining \pageref on input line 113.
LaTeX Info: Redefining \nameref on input line 113.

(./MichaelKing_CV.out) (./MichaelKing_CV.out)
\@outlinefile=\write4

ABD: EveryShipout initializing macros
luaotfload | load font: auto-selecting default features for script: dflt (was l
atn)
luaotfload | load font: font family='linuxlibertine', subfamily='regular' found
: /Users/michaelking214/Library/Fonts/LinLibertine_Rah.ttf
luaotfload | otf process: missing cache for lookup ks_l_22_s of type gsub_conte
xtchain in font 28 (Linux Libertine)
Underfull \hbox (badness 10000) in paragraph at lines 116--118

 []

luaotfload | load font: auto-selecting default features for script: dflt (was l
atn)
luaotfload | load font: font family='linuxlibertine', subfamily='regular' found
: /Users/michaelking214/Library/Fonts/LinLibertine_Rah.ttf
luaotfload | otf process: missing cache for lookup ks_l_22_s of type gsub_conte
xtchain in font 29 (Linux Libertine)
luaotfload | otf process: missing cache for lookup ks_l_22_s of type gsub_conte
xtchain in font 27 (Linux Libertine)
luaotfload | load font: auto-selecting default features for script: dflt (was l
atn)
luaotfload | load font: font family='linuxlibertine', subfamily='regular' found
: /Users/michaelking214/Library/Fonts/LinLibertine_Rah.ttf
luaotfload | load font: auto-selecting default features for script: dflt (was l
atn)
luaotfload | load font: font family='linuxlibertine', subfamily='regular' found
: /Users/michaelking214/Library/Fonts/LinLibertine_Rah.ttf
LaTeX Font Info:    Try loading font information for U+msa on input line 125.
(/usr/local/texlive/2012/texmf-dist/tex/latex/amsfonts/umsa.fd
File: umsa.fd 2009/06/22 v3.00 AMS symbols A
)
LaTeX Font Info:    Try loading font information for U+msb on input line 125.

(/usr/local/texlive/2012/texmf-dist/tex/latex/amsfonts/umsb.fd
File: umsb.fd 2009/06/22 v3.00 AMS symbols B
)
LaTeX Font Info:    Try loading font information for U+wasy on input line 125.

(/usr/local/texlive/2012/texmf-dist/tex/latex/wasysym/uwasy.fd
File: uwasy.fd 2003/10/30 v2.0 Wasy-2 symbol font definitions
)
LaTeX Font Info:    Try loading font information for U+mvs on input line 127.

(/usr/local/texlive/2012/texmf-dist/tex/latex/marvosym/umvs.fd)
Overfull \hbox (23.6812pt too wide) in paragraph at lines 120--132
[][]$[]$ $[]$ 
 []


Underfull \hbox (badness 10000) in paragraph at lines 120--132

 []

luaotfload | load font: auto-selecting default features for script: dflt (was l
atn)
luaotfload | load font: font family='linuxlibertine', subfamily='regular' found
: /Users/michaelking214/Library/Fonts/LinLibertine_Rah.ttf
luaotfload | load font: auto-selecting default features for script: dflt (was l
atn)
luaotfload | load font: font family='linuxlibertine', subfamily='bold' found: /
Users/michaelking214/Library/Fonts/LinLibertine_RBah.ttf
luaotfload | load font: auto-selecting default features for script: dflt (was l
atn)
luaotfload | load font: font family='linuxlibertine', subfamily='regular' found
: /Users/michaelking214/Library/Fonts/LinLibertine_Rah.ttf
luaotfload | otf process: missing cache for lookup ks_l_22_s of type gsub_conte
xtchain in font 55 (Linux Libertine)
Package marginnote Info: Margin note 1.1 is on absolute page 1
(marginnote)              on input line 142.
Package marginnote Info: right page because not two side mode on input line 142
.
luaotfload | load font: auto-selecting default features for script: dflt (was l
atn)
luaotfload | load font: font family='linuxlibertine', subfamily='regular' found
: /Users/michaelking214/Library/Fonts/LinLibertine_Rah.ttf
luaotfload | otf process: missing cache for lookup ks_l_22_s of type gsub_conte
xtchain in font 56 (Linux Libertine)
Package marginnote Info: xpos seems to be 108.40498pt,
(marginnote)             \marginnoteleftadjust ignored on input line 142.
luaotfload | load font: auto-selecting default features for script: dflt (was l
atn)
luaotfload | load font: font family='linuxlibertine', subfamily='bold' found: /
Users/michaelking214/Library/Fonts/LinLibertine_RBah.ttf
luaotfload | load font: auto-selecting default features for script: dflt (was l
atn)
luaotfload | load font: font family='linuxlibertine', subfamily='italic' found:
 /Users/michaelking214/Library/Fonts/LinLibertine_RIah.ttf
luaotfload | otf process: missing cache for lookup ks_l_27_s of type gsub_conte
xtchain in font 58 (Linux Libertine Italic)
Package marginnote Info: Margin note 1.2 is on absolute page 1
(marginnote)              on input line 150.
Package marginnote Info: right page because not two side mode on input line 150
.
Package marginnote Info: xpos seems to be 108.40498pt,
(marginnote)             \marginnoteleftadjust ignored on input line 150.
luaotfload | load font: auto-selecting default features for script: dflt (was l
atn)
luaotfload | load font: font family='linuxlibertine', subfamily='bold' found: /
Users/michaelking214/Library/Fonts/LinLibertine_RBah.ttf
Package marginnote Info: Margin note 1.3 is on absolute page 1
(marginnote)              on input line 163.
Package marginnote Info: right page because not two side mode on input line 163
.
Package marginnote Info: xpos seems to be 108.40498pt,
(marginnote)             \marginnoteleftadjust ignored on input line 163.
Package marginnote Info: Margin note 1.4 is on absolute page 1
(marginnote)              on input line 179.
Package marginnote Info: right page because not two side mode on input line 179
.
Package marginnote Info: xpos seems to be 108.40498pt,
(marginnote)             \marginnoteleftadjust ignored on input line 179.
[1

{/usr/local/texlive/2012/texmf-var/fonts/map/pdftex/updmap/pdftex.map}]
Package marginnote Info: Margin note 2.1 is on absolute page 2
(marginnote)              on input line 192.
Package marginnote Info: right page because not two side mode on input line 192
.
Package marginnote Info: xpos seems to be 108.40498pt,
(marginnote)             \marginnoteleftadjust ignored on input line 192.

Overfull \hbox (15.70242pt too wide) in paragraph at lines 192--197
\EU2/LinuxLibertine(0)/m/n/10.95 Placed th out of  in-ter-na-tional
 teams at NASAs Lun-abotics Min-ing Com-pe-ti-tion -- Or-lando, Florida 
 []

Package marginnote Info: Margin note 2.2 is on absolute page 2
(marginnote)              on input line 211.
Package marginnote Info: right page because not two side mode on input line 211
.
Package marginnote Info: xpos seems to be 108.40498pt,
(marginnote)             \marginnoteleftadjust ignored on input line 211.
LaTeX Font Info:    Font shape `EU2/LinuxLibertine(0)/m/sl' in size <10.95> not
 available
(Font)              Font shape `EU2/LinuxLibertine(0)/m/it' tried instead on in
put line 214.
luaotfload | load font: auto-selecting default features for script: dflt (was l
atn)
luaotfload | load font: font family='linuxlibertine', subfamily='italic' found:
 /Users/michaelking214/Library/Fonts/LinLibertine_RIah.ttf
luaotfload | load font: auto-selecting default features for script: dflt (was l
atn)
luaotfload | load font: font family='linuxlibertine', subfamily='italic' found:
 /Users/michaelking214/Library/Fonts/LinLibertine_RIah.ttf
luaotfload | otf process: missing cache for lookup ks_l_27_s of type gsub_conte
xtchain in font 60 (Linux Libertine Italic)
luaotfload | otf process: missing cache for lookup ks_l_22_s of type gsub_conte
xtchain in font 30 (Linux Libertine)
Underfull \hbox (badness 10000) in paragraph at lines 226--235

 []

Package atveryend Info: Empty hook `BeforeClearDocument' on input line 252.
[2

]
Package atveryend Info: Empty hook `AfterLastShipout' on input line 252.
 (./MichaelKing_CV.aux)
Package atveryend Info: Executing hook `AtVeryEndDocument' on input line 252.
Package atveryend Info: Executing hook `AtEndAfterFileList' on input line 252.
Package rerunfilecheck Info: File `MichaelKing_CV.out' has not changed.
(rerunfilecheck)             Checksum: D41D8CD98F00B204E9800998ECF8427E;0.
Package atveryend Info: Empty hook `AtVeryVeryEnd' on input line 252.
 )

Here is how much of LuaTeX's memory you used:
 29091 strings out of 494982
 100000,662416 words of node,token memory allocated
 309 words of node memory still in use:
   3 hlist, 1 vlist, 1 rule, 2 glue, 3 attribute, 44 glue_spec, 3 attribute_lis
t, 1 write nodes
   avail lists: 2:6937,3:240,4:1353,5:368,6:4361,7:17,8:7,9:269,10:444
 31607 multiletter control sequences out of 65536+200000
 60 fonts using 9386935 bytes
 56i,11n,55p,432b,666s stack positions out of 5000i,500n,10000p,200000b,50000s
</Users/michaelking214/Library/Fonts/LinLibertine_RIah.ttf></Users/michaelking2
14/Library/Fonts/LinLibertine_RBah.ttf></Users/michaelking214/Library/Fonts/Lin
Libertine_Rah.ttf></usr/local/texlive/2012/texmf-dist/fonts/type1/public/marvos
ym/marvosym.pfb>
Output written on MichaelKing_CV.pdf (2 pages, 60072 bytes).

PDF statistics: 53 PDF objects out of 1000 (max. 8388607)
 38 compressed objects within 1 object stream
 3 named destinations out of 1000 (max. 131072)
 16 words of extra memory for PDF output out of 10000 (max. 10000000)

